{"agent":"@software-crafter","command":"/nw:execute","event":"TASK_INVOCATION_STARTED","step_path":"steps/01-01.json","timestamp":"2026-01-28T14:04:20.574Z"}
{"command":"/nw:execute","event":"TASK_INVOCATION_VALIDATED","outcome":"success","status":"VALIDATED","step_path":"steps/01-01.json","timestamp":"2026-01-28T14:04:20.576Z"}
{"agent":null,"command":"/nw:research","event":"TASK_INVOCATION_STARTED","step_path":null,"timestamp":"2026-01-28T14:04:20.590Z"}
{"agent":"@software-crafter","command":"/nw:develop","event":"TASK_INVOCATION_STARTED","step_path":"steps/01-01.json","timestamp":"2026-01-28T14:04:20.596Z"}
{"command":"/nw:develop","event":"TASK_INVOCATION_VALIDATED","outcome":"success","status":"VALIDATED","step_path":"steps/01-01.json","timestamp":"2026-01-28T14:04:20.601Z"}
{"agent":"@software-crafter","command":"/nw:execute","event":"TASK_INVOCATION_STARTED","step_path":"test_step.json","timestamp":"2026-01-28T14:04:22.697Z"}
{"command":"/nw:execute","event":"TASK_INVOCATION_VALIDATED","outcome":"success","status":"VALIDATED","step_path":"test_step.json","timestamp":"2026-01-28T14:04:22.699Z"}
{"agent":"@software-crafter","command":"/nw:execute","event":"TASK_INVOCATION_STARTED","step_path":"test_step.json","timestamp":"2026-01-28T14:04:22.770Z"}
{"command":"/nw:execute","event":"TASK_INVOCATION_VALIDATED","outcome":"success","status":"VALIDATED","step_path":"test_step.json","timestamp":"2026-01-28T14:04:22.772Z"}
{"agent":"@software-crafter","command":"/nw:execute","event":"TASK_INVOCATION_STARTED","step_path":"test_step.json","timestamp":"2026-01-28T14:04:22.788Z"}
{"command":"/nw:execute","event":"TASK_INVOCATION_VALIDATED","outcome":"success","status":"VALIDATED","step_path":"test_step.json","timestamp":"2026-01-28T14:04:22.793Z"}
{"agent":"@software-crafter","command":"/nw:execute","event":"TASK_INVOCATION_STARTED","step_path":"test_step.json","timestamp":"2026-01-28T14:04:22.808Z"}
{"command":"/nw:execute","event":"TASK_INVOCATION_VALIDATED","outcome":"success","status":"VALIDATED","step_path":"test_step.json","timestamp":"2026-01-28T14:04:22.816Z"}
{"agent":"@software-crafter","command":"/nw:execute","event":"TASK_INVOCATION_STARTED","step_path":"test_step.json","timestamp":"2026-01-28T14:04:22.828Z"}
{"command":"/nw:execute","event":"TASK_INVOCATION_VALIDATED","outcome":"success","status":"VALIDATED","step_path":"test_step.json","timestamp":"2026-01-28T14:04:22.834Z"}
{"agent":"@software-crafter","command":"/nw:execute","event":"TASK_INVOCATION_STARTED","step_path":"test_step.json","timestamp":"2026-01-28T14:04:22.851Z"}
{"command":"/nw:execute","event":"TASK_INVOCATION_VALIDATED","outcome":"success","status":"VALIDATED","step_path":"test_step.json","timestamp":"2026-01-28T14:04:22.859Z"}
{"agent":"@software-crafter","command":"/nw:execute","event":"TASK_INVOCATION_STARTED","step_path":"test_step.json","timestamp":"2026-01-28T14:04:22.873Z"}
{"command":"/nw:execute","event":"TASK_INVOCATION_VALIDATED","outcome":"success","status":"VALIDATED","step_path":"test_step.json","timestamp":"2026-01-28T14:04:22.881Z"}
{"agent":"@software-crafter","command":"/nw:execute","event":"TASK_INVOCATION_STARTED","step_path":"test_step.json","timestamp":"2026-01-28T14:04:22.894Z"}
{"command":"/nw:execute","event":"TASK_INVOCATION_VALIDATED","outcome":"success","status":"VALIDATED","step_path":"test_step.json","timestamp":"2026-01-28T14:04:22.899Z"}
{"agent":"@software-crafter","command":"/nw:execute","event":"TASK_INVOCATION_STARTED","step_path":"steps/01-01.json","timestamp":"2026-01-28T14:04:23.257Z"}
{"command":"/nw:execute","event":"TASK_INVOCATION_VALIDATED","outcome":"success","status":"VALIDATED","step_path":"steps/01-01.json","timestamp":"2026-01-28T14:04:23.261Z"}
{"agent":"@software-crafter","command":"/nw:execute","event":"TASK_INVOCATION_STARTED","step_path":"steps/01-01.json","timestamp":"2026-01-28T14:04:23.287Z"}
{"command":"/nw:execute","event":"TASK_INVOCATION_VALIDATED","outcome":"success","status":"VALIDATED","step_path":"steps/01-01.json","timestamp":"2026-01-28T14:04:23.291Z"}
{"agent":"@software-crafter","command":"/nw:execute","event":"TASK_INVOCATION_STARTED","step_path":"steps/01-01.json","timestamp":"2026-01-28T14:04:23.311Z"}
{"command":"/nw:execute","event":"TASK_INVOCATION_VALIDATED","outcome":"success","status":"VALIDATED","step_path":"steps/01-01.json","timestamp":"2026-01-28T14:04:23.321Z"}
{"agent":"@software-crafter","command":"/nw:execute","event":"TASK_INVOCATION_STARTED","step_path":"steps/01-01.json","timestamp":"2026-01-28T14:04:23.341Z"}
{"command":"/nw:execute","event":"TASK_INVOCATION_VALIDATED","outcome":"success","status":"VALIDATED","step_path":"steps/01-01.json","timestamp":"2026-01-28T14:04:23.351Z"}
{"agent":"@software-crafter","command":"/nw:develop","event":"TASK_INVOCATION_STARTED","step_path":"steps/01-01.json","timestamp":"2026-01-28T14:04:23.371Z"}
{"command":"/nw:develop","event":"TASK_INVOCATION_VALIDATED","outcome":"success","status":"VALIDATED","step_path":"steps/01-01.json","timestamp":"2026-01-28T14:04:23.380Z"}
{"agent":null,"command":"/nw:research","event":"TASK_INVOCATION_STARTED","step_path":null,"timestamp":"2026-01-28T14:04:23.393Z"}
{"agent":"@software-crafter","command":"/nw:execute","event":"TASK_INVOCATION_STARTED","step_path":null,"timestamp":"2026-01-28T14:04:23.464Z"}
{"agent":"@software-crafter","command":"/nw:execute","event":"TASK_INVOCATION_STARTED","step_path":"","timestamp":"2026-01-28T14:04:23.470Z"}
{"agent":"@software-crafter","command":"/nw:execute","event":"TASK_INVOCATION_STARTED","step_path":"test_step.json","timestamp":"2026-01-28T14:04:23.617Z"}
{"command":"/nw:execute","event":"TASK_INVOCATION_VALIDATED","outcome":"success","status":"VALIDATED","step_path":"test_step.json","timestamp":"2026-01-28T14:04:23.634Z"}
{"agent":"@software-crafter","command":"/nw:execute","event":"TASK_INVOCATION_STARTED","step_path":"test_step.json","timestamp":"2026-01-28T14:04:23.679Z"}
{"command":"/nw:execute","event":"TASK_INVOCATION_VALIDATED","outcome":"success","status":"VALIDATED","step_path":"test_step.json","timestamp":"2026-01-28T14:04:23.687Z"}
{"agent":"@software-crafter","command":"/nw:execute","event":"TASK_INVOCATION_STARTED","step_path":"test_step.json","timestamp":"2026-01-28T14:04:23.706Z"}
{"command":"/nw:execute","event":"TASK_INVOCATION_VALIDATED","outcome":"success","status":"VALIDATED","step_path":"test_step.json","timestamp":"2026-01-28T14:04:23.716Z"}
{"agent":"@software-crafter","command":"/nw:execute","event":"TASK_INVOCATION_STARTED","step_path":"test_step.json","timestamp":"2026-01-28T14:04:23.737Z"}
{"command":"/nw:execute","event":"TASK_INVOCATION_VALIDATED","outcome":"success","status":"VALIDATED","step_path":"test_step.json","timestamp":"2026-01-28T14:04:23.746Z"}
{"agent":"@software-crafter","command":"/nw:execute","event":"TASK_INVOCATION_STARTED","step_path":"test_step.json","timestamp":"2026-01-28T14:04:23.765Z"}
{"command":"/nw:execute","event":"TASK_INVOCATION_VALIDATED","outcome":"success","status":"VALIDATED","step_path":"test_step.json","timestamp":"2026-01-28T14:04:23.773Z"}
{"agent":"@software-crafter","command":"/nw:execute","event":"TASK_INVOCATION_STARTED","step_path":"test_step.json","timestamp":"2026-01-28T14:04:23.790Z"}
{"command":"/nw:execute","event":"TASK_INVOCATION_VALIDATED","outcome":"success","status":"VALIDATED","step_path":"test_step.json","timestamp":"2026-01-28T14:04:23.799Z"}
{"agent":"@software-crafter","command":"/nw:execute","event":"TASK_INVOCATION_STARTED","step_path":"test_step.json","timestamp":"2026-01-28T14:04:23.820Z"}
{"command":"/nw:execute","event":"TASK_INVOCATION_VALIDATED","outcome":"success","status":"VALIDATED","step_path":"test_step.json","timestamp":"2026-01-28T14:04:23.829Z"}
{"agent":"@software-crafter","command":"/nw:execute","event":"TASK_INVOCATION_STARTED","step_path":"test_step.json","timestamp":"2026-01-28T14:04:25.556Z"}
{"command":"/nw:execute","event":"TASK_INVOCATION_VALIDATED","outcome":"success","status":"VALIDATED","step_path":"test_step.json","timestamp":"2026-01-28T14:04:25.558Z"}
