{"agent":"@software-crafter","command":"/nw:execute","event":"TASK_INVOCATION_STARTED","step_path":"steps/01-01.json","timestamp":"2026-01-29T09:58:31.521Z"}
{"command":"/nw:execute","event":"TASK_INVOCATION_VALIDATED","outcome":"success","status":"VALIDATED","step_path":"steps/01-01.json","timestamp":"2026-01-29T09:58:31.527Z"}
{"agent":null,"command":"/nw:research","event":"TASK_INVOCATION_STARTED","step_path":null,"timestamp":"2026-01-29T09:58:31.548Z"}
{"agent":"@software-crafter","command":"/nw:develop","event":"TASK_INVOCATION_STARTED","step_path":"steps/01-01.json","timestamp":"2026-01-29T09:58:31.556Z"}
{"command":"/nw:develop","event":"TASK_INVOCATION_VALIDATED","outcome":"success","status":"VALIDATED","step_path":"steps/01-01.json","timestamp":"2026-01-29T09:58:31.563Z"}
{"agent":"@software-crafter","command":"/nw:execute","event":"TASK_INVOCATION_STARTED","step_path":"test_step.json","timestamp":"2026-01-29T09:58:32.109Z"}
{"command":"/nw:execute","event":"TASK_INVOCATION_VALIDATED","outcome":"success","status":"VALIDATED","step_path":"test_step.json","timestamp":"2026-01-29T09:58:32.112Z"}
{"agent":"@software-crafter","command":"/nw:execute","event":"TASK_INVOCATION_STARTED","step_path":"test_step.json","timestamp":"2026-01-29T09:58:32.194Z"}
{"command":"/nw:execute","event":"TASK_INVOCATION_VALIDATED","outcome":"success","status":"VALIDATED","step_path":"test_step.json","timestamp":"2026-01-29T09:58:32.197Z"}
{"agent":"@software-crafter","command":"/nw:execute","event":"TASK_INVOCATION_STARTED","step_path":"test_step.json","timestamp":"2026-01-29T09:58:32.216Z"}
{"command":"/nw:execute","event":"TASK_INVOCATION_VALIDATED","outcome":"success","status":"VALIDATED","step_path":"test_step.json","timestamp":"2026-01-29T09:58:32.226Z"}
{"agent":"@software-crafter","command":"/nw:execute","event":"TASK_INVOCATION_STARTED","step_path":"test_step.json","timestamp":"2026-01-29T09:58:32.242Z"}
{"command":"/nw:execute","event":"TASK_INVOCATION_VALIDATED","outcome":"success","status":"VALIDATED","step_path":"test_step.json","timestamp":"2026-01-29T09:58:32.250Z"}
{"agent":"@software-crafter","command":"/nw:execute","event":"TASK_INVOCATION_STARTED","step_path":"test_step.json","timestamp":"2026-01-29T09:58:32.269Z"}
{"command":"/nw:execute","event":"TASK_INVOCATION_VALIDATED","outcome":"success","status":"VALIDATED","step_path":"test_step.json","timestamp":"2026-01-29T09:58:32.277Z"}
{"agent":"@software-crafter","command":"/nw:execute","event":"TASK_INVOCATION_STARTED","step_path":"test_step.json","timestamp":"2026-01-29T09:58:32.293Z"}
{"command":"/nw:execute","event":"TASK_INVOCATION_VALIDATED","outcome":"success","status":"VALIDATED","step_path":"test_step.json","timestamp":"2026-01-29T09:58:32.301Z"}
{"agent":"@software-crafter","command":"/nw:execute","event":"TASK_INVOCATION_STARTED","step_path":"test_step.json","timestamp":"2026-01-29T09:58:32.319Z"}
{"command":"/nw:execute","event":"TASK_INVOCATION_VALIDATED","outcome":"success","status":"VALIDATED","step_path":"test_step.json","timestamp":"2026-01-29T09:58:32.327Z"}
{"agent":"@software-crafter","command":"/nw:execute","event":"TASK_INVOCATION_STARTED","step_path":"test_step.json","timestamp":"2026-01-29T09:58:32.344Z"}
{"command":"/nw:execute","event":"TASK_INVOCATION_VALIDATED","outcome":"success","status":"VALIDATED","step_path":"test_step.json","timestamp":"2026-01-29T09:58:32.352Z"}
{"agent":"@software-crafter","command":"/nw:execute","event":"TASK_INVOCATION_STARTED","step_path":"steps/01-01.json","timestamp":"2026-01-29T09:58:32.674Z"}
{"command":"/nw:execute","event":"TASK_INVOCATION_VALIDATED","outcome":"success","status":"VALIDATED","step_path":"steps/01-01.json","timestamp":"2026-01-29T09:58:32.677Z"}
{"agent":"@software-crafter","command":"/nw:execute","event":"TASK_INVOCATION_STARTED","step_path":"steps/01-01.json","timestamp":"2026-01-29T09:58:32.697Z"}
{"command":"/nw:execute","event":"TASK_INVOCATION_VALIDATED","outcome":"success","status":"VALIDATED","step_path":"steps/01-01.json","timestamp":"2026-01-29T09:58:32.702Z"}
{"agent":"@software-crafter","command":"/nw:execute","event":"TASK_INVOCATION_STARTED","step_path":"steps/01-01.json","timestamp":"2026-01-29T09:58:32.718Z"}
{"command":"/nw:execute","event":"TASK_INVOCATION_VALIDATED","outcome":"success","status":"VALIDATED","step_path":"steps/01-01.json","timestamp":"2026-01-29T09:58:32.728Z"}
{"agent":"@software-crafter","command":"/nw:execute","event":"TASK_INVOCATION_STARTED","step_path":"steps/01-01.json","timestamp":"2026-01-29T09:58:32.745Z"}
{"command":"/nw:execute","event":"TASK_INVOCATION_VALIDATED","outcome":"success","status":"VALIDATED","step_path":"steps/01-01.json","timestamp":"2026-01-29T09:58:32.751Z"}
{"agent":"@software-crafter","command":"/nw:develop","event":"TASK_INVOCATION_STARTED","step_path":"steps/01-01.json","timestamp":"2026-01-29T09:58:32.768Z"}
{"command":"/nw:develop","event":"TASK_INVOCATION_VALIDATED","outcome":"success","status":"VALIDATED","step_path":"steps/01-01.json","timestamp":"2026-01-29T09:58:32.776Z"}
{"agent":null,"command":"/nw:research","event":"TASK_INVOCATION_STARTED","step_path":null,"timestamp":"2026-01-29T09:58:32.791Z"}
{"agent":"@software-crafter","command":"/nw:execute","event":"TASK_INVOCATION_STARTED","step_path":null,"timestamp":"2026-01-29T09:58:32.846Z"}
{"agent":"@software-crafter","command":"/nw:execute","event":"TASK_INVOCATION_STARTED","step_path":"","timestamp":"2026-01-29T09:58:32.854Z"}
{"agent":"@software-crafter","command":"/nw:execute","event":"TASK_INVOCATION_STARTED","step_path":"test_step.json","timestamp":"2026-01-29T09:58:32.957Z"}
{"command":"/nw:execute","event":"TASK_INVOCATION_VALIDATED","outcome":"success","status":"VALIDATED","step_path":"test_step.json","timestamp":"2026-01-29T09:58:32.959Z"}
{"agent":"@software-crafter","command":"/nw:execute","event":"TASK_INVOCATION_STARTED","step_path":"test_step.json","timestamp":"2026-01-29T09:58:32.978Z"}
{"command":"/nw:execute","event":"TASK_INVOCATION_VALIDATED","outcome":"success","status":"VALIDATED","step_path":"test_step.json","timestamp":"2026-01-29T09:58:32.985Z"}
{"agent":"@software-crafter","command":"/nw:execute","event":"TASK_INVOCATION_STARTED","step_path":"test_step.json","timestamp":"2026-01-29T09:58:33.002Z"}
{"command":"/nw:execute","event":"TASK_INVOCATION_VALIDATED","outcome":"success","status":"VALIDATED","step_path":"test_step.json","timestamp":"2026-01-29T09:58:33.010Z"}
{"agent":"@software-crafter","command":"/nw:execute","event":"TASK_INVOCATION_STARTED","step_path":"test_step.json","timestamp":"2026-01-29T09:58:33.026Z"}
{"command":"/nw:execute","event":"TASK_INVOCATION_VALIDATED","outcome":"success","status":"VALIDATED","step_path":"test_step.json","timestamp":"2026-01-29T09:58:33.034Z"}
{"agent":"@software-crafter","command":"/nw:execute","event":"TASK_INVOCATION_STARTED","step_path":"test_step.json","timestamp":"2026-01-29T09:58:33.051Z"}
{"command":"/nw:execute","event":"TASK_INVOCATION_VALIDATED","outcome":"success","status":"VALIDATED","step_path":"test_step.json","timestamp":"2026-01-29T09:58:33.059Z"}
{"agent":"@software-crafter","command":"/nw:execute","event":"TASK_INVOCATION_STARTED","step_path":"test_step.json","timestamp":"2026-01-29T09:58:33.074Z"}
{"command":"/nw:execute","event":"TASK_INVOCATION_VALIDATED","outcome":"success","status":"VALIDATED","step_path":"test_step.json","timestamp":"2026-01-29T09:58:33.082Z"}
{"agent":"@software-crafter","command":"/nw:execute","event":"TASK_INVOCATION_STARTED","step_path":"test_step.json","timestamp":"2026-01-29T09:58:33.098Z"}
{"command":"/nw:execute","event":"TASK_INVOCATION_VALIDATED","outcome":"success","status":"VALIDATED","step_path":"test_step.json","timestamp":"2026-01-29T09:58:33.106Z"}
