❯ python tools/build.py
2026-02-04 19:15:12,852 - INFO - Cleaned output directory: /Users/mike/ProgettiGit/Undeadgrishnackh/crafter-ai/dist/ide
2026-02-04 19:15:12,888 - INFO - Loaded configuration from: /Users/mike/ProgettiGit/Undeadgrishnackh/crafter-ai/nWave/framework-catalog.yaml
2026-02-04 19:15:12,889 - INFO - TemplateProcessor initialized with schema: /Users/mike/ProgettiGit/Undeadgrishnackh/crafter-ai/nWave/templates/step-tdd-cycle-schema.json
2026-02-04 19:15:12,890 - INFO - Starting nWave IDE bundle build at 2026-02-04 19:15:12.890102
2026-02-04 19:15:12,890 - INFO - Validating source directory: /Users/mike/ProgettiGit/Undeadgrishnackh/crafter-ai/nWave
2026-02-04 19:15:12,890 - INFO - Source validation completed successfully
2026-02-04 19:15:12,890 - INFO - Processing agents...
2026-02-04 19:15:12,891 - INFO - Found 30 agent files
2026-02-04 19:15:12,891 - INFO - Processing agent: leanux-designer-reviewer
2026-02-04 19:15:12,891 - INFO - Processing agent: leanux-designer-reviewer
2026-02-04 19:15:12,956 - INFO - Processing agent: agent-builder-reviewer
2026-02-04 19:15:12,956 - INFO - Processing agent: agent-builder-reviewer
2026-02-04 19:15:13,147 - INFO - Processing agent: documentarist-reviewer
2026-02-04 19:15:13,147 - INFO - Processing agent: documentarist-reviewer
2026-02-04 19:15:13,165 - ERROR - Failed to parse YAML configuration: while parsing a block collection
  in "<unicode string>", line 201, column 9:
            - "How to [verb]"
            ^
expected <block end>, but found '<scalar>'
  in "<unicode string>", line 202, column 30:
            - "Before you start" (with prerequisites)
                                 ^
2026-02-04 19:15:13,165 - INFO - Processing agent: platform-architect-reviewer
2026-02-04 19:15:13,165 - INFO - Processing agent: platform-architect-reviewer
2026-02-04 19:15:13,254 - INFO - Processing agent: leanux-designer
2026-02-04 19:15:13,254 - INFO - Processing agent: leanux-designer
2026-02-04 19:15:13,426 - INFO - Processing agent: platform-architect
2026-02-04 19:15:13,426 - INFO - Processing agent: platform-architect
2026-02-04 19:15:13,636 - INFO - Processing agent: devop-reviewer
2026-02-04 19:15:13,636 - INFO - Processing agent: devop-reviewer
2026-02-04 19:15:13,831 - INFO - Processing agent: solution-architect-reviewer
2026-02-04 19:15:13,831 - INFO - Processing agent: solution-architect-reviewer
2026-02-04 19:15:14,056 - INFO - Processing agent: agent-builder
2026-02-04 19:15:14,056 - INFO - Processing agent: agent-builder
2026-02-04 19:15:14,297 - INFO - Processing agent: product-discoverer-reviewer
2026-02-04 19:15:14,298 - INFO - Processing agent: product-discoverer-reviewer
2026-02-04 19:15:14,486 - INFO - Processing agent: product-discoverer
2026-02-04 19:15:14,487 - INFO - Processing agent: product-discoverer
2026-02-04 19:15:14,676 - INFO - Processing agent: researcher
2026-02-04 19:15:14,676 - INFO - Processing agent: researcher
2026-02-04 19:15:14,802 - INFO - Processing agent: troubleshooter
2026-02-04 19:15:14,802 - INFO - Processing agent: troubleshooter
2026-02-04 19:15:14,973 - INFO - Processing agent: visual-architect
2026-02-04 19:15:14,973 - INFO - Processing agent: visual-architect
2026-02-04 19:15:15,161 - INFO - Processing agent: solution-architect
2026-02-04 19:15:15,161 - INFO - Processing agent: solution-architect
2026-02-04 19:15:15,425 - INFO - Processing agent: product-owner
2026-02-04 19:15:15,425 - INFO - Processing agent: product-owner
2026-02-04 19:15:15,652 - INFO - Processing agent: documentarist
2026-02-04 19:15:15,652 - INFO - Processing agent: documentarist
2026-02-04 19:15:15,679 - ERROR - Failed to parse YAML configuration: while parsing a block collection
  in "<unicode string>", line 211, column 9:
            - "How to [verb]"
            ^
expected <block end>, but found '<scalar>'
  in "<unicode string>", line 212, column 30:
            - "Before you start" (with prerequisites)
                                 ^
2026-02-04 19:15:15,680 - INFO - Processing agent: software-crafter-reviewer
2026-02-04 19:15:15,680 - INFO - Processing agent: software-crafter-reviewer
2026-02-04 19:15:16,097 - INFO - Processing agent: devop
2026-02-04 19:15:16,097 - INFO - Processing agent: devop
2026-02-04 19:15:16,111 - INFO - Injecting embed content from: nWave/data/embed/devop/feature-completion-deployment-readiness.md
2026-02-04 19:15:16,111 - INFO - Processed 1 embed injection(s)
2026-02-04 19:15:16,125 - INFO - Processing agent: product-owner-reviewer
2026-02-04 19:15:16,125 - INFO - Processing agent: product-owner-reviewer
2026-02-04 19:15:16,343 - INFO - Processing agent: software-crafter
2026-02-04 19:15:16,344 - INFO - Processing agent: software-crafter
2026-02-04 19:15:16,780 - INFO - Processing agent: troubleshooter-reviewer
2026-02-04 19:15:16,780 - INFO - Processing agent: troubleshooter-reviewer
2026-02-04 19:15:16,952 - INFO - Processing agent: acceptance-designer
2026-02-04 19:15:16,952 - INFO - Processing agent: acceptance-designer
2026-02-04 19:15:17,152 - INFO - Processing agent: researcher-reviewer
2026-02-04 19:15:17,152 - INFO - Processing agent: researcher-reviewer
2026-02-04 19:15:17,323 - INFO - Processing agent: illustrator-reviewer
2026-02-04 19:15:17,323 - INFO - Processing agent: illustrator-reviewer
2026-02-04 19:15:17,324 - WARNING - No YAML configuration block found in agent file
2026-02-04 19:15:17,324 - INFO - Injecting embed content from: nWave/data/embed/illustrator/critique-dimensions.md
2026-02-04 19:15:17,325 - INFO - Processed 1 embed injection(s)
2026-02-04 19:15:17,325 - INFO - Processing agent: visual-architect-reviewer
2026-02-04 19:15:17,325 - INFO - Processing agent: visual-architect-reviewer
2026-02-04 19:15:17,520 - INFO - Processing agent: data-engineer
2026-02-04 19:15:17,520 - INFO - Processing agent: data-engineer
2026-02-04 19:15:17,685 - INFO - Processing agent: illustrator
2026-02-04 19:15:17,685 - INFO - Processing agent: illustrator
2026-02-04 19:15:17,686 - WARNING - No YAML configuration block found in agent file
2026-02-04 19:15:17,686 - INFO - Processing agent: data-engineer-reviewer
2026-02-04 19:15:17,686 - INFO - Processing agent: data-engineer-reviewer
2026-02-04 19:15:17,842 - INFO - Processing agent: acceptance-designer-reviewer
2026-02-04 19:15:17,842 - INFO - Processing agent: acceptance-designer-reviewer
2026-02-04 19:15:18,046 - INFO - Processing commands...
2026-02-04 19:15:18,046 - INFO - Found 23 task files
2026-02-04 19:15:18,046 - INFO - Processing command: document
2026-02-04 19:15:18,049 - INFO - Processing command: distill
2026-02-04 19:15:18,050 - INFO - Processing command: journey
2026-02-04 19:15:18,052 - INFO - Processing command: mikado
2026-02-04 19:15:18,053 - INFO - Processing command: deliver
2026-02-04 19:15:18,055 - INFO - Processing command: develop
2026-02-04 19:15:18,058 - INFO - Processing command: root-why
2026-02-04 19:15:18,060 - INFO - Processing command: discuss
2026-02-04 19:15:18,061 - INFO - Processing command: diagram
2026-02-04 19:15:18,062 - INFO - Processing command: version
2026-02-04 19:15:18,064 - INFO - Processing command: research
2026-02-04 19:15:18,065 - INFO - Processing command: mutation-test
2026-02-04 19:15:18,066 - INFO - Processing command: roadmap
2026-02-04 19:15:18,067 - INFO - Injecting embed content from: nWave/templates/roadmap-compact.yaml
2026-02-04 19:15:18,067 - INFO - Processed 1 embed injection(s)
2026-02-04 19:15:18,068 - INFO - Processing command: refactor
2026-02-04 19:15:18,070 - INFO - Processing command: update
2026-02-04 19:15:18,071 - INFO - Processing command: forge
2026-02-04 19:15:18,072 - INFO - Processing command: git
2026-02-04 19:15:18,073 - INFO - Processing command: finalize
2026-02-04 19:15:18,075 - INFO - Processing command: design
2026-02-04 19:15:18,077 - INFO - Processing command: review
2026-02-04 19:15:18,078 - INFO - Processing command: start
2026-02-04 19:15:18,080 - INFO - Processing command: execute
2026-02-04 19:15:18,082 - INFO - Processing command: discover
2026-02-04 19:15:18,083 - INFO - Processing teams...
2026-02-04 19:15:18,083 - WARNING - Agent teams directory not found: /Users/mike/ProgettiGit/Undeadgrishnackh/crafter-ai/nWave/agent-teams
2026-02-04 19:15:18,084 - INFO - Generating IDE configuration...
2026-02-04 19:15:18,085 - INFO - Generated IDE config: /Users/mike/ProgettiGit/Undeadgrishnackh/crafter-ai/dist/ide/agents/nw/config.json
2026-02-04 19:15:18,085 - INFO - Build completed in 5.20 seconds

============================================================
nWave IDE Bundle Build Summary
============================================================
Agents processed:    30
Commands processed:  23
Teams processed:     0
Warnings:            0
Errors:              0
Output directory:    /Users/mike/ProgettiGit/Undeadgrishnackh/crafter-ai/dist/ide

✅ Build completed successfully!
