2025-12-20 19:18:52,082 - INFO - Loaded configuration from: ../5d-wave/config.yaml
2025-12-20 19:18:52,083 - INFO - Starting 5D-WAVE IDE bundle build at 2025-12-20 19:18:52.082973
2025-12-20 19:18:52,083 - INFO - Validating source directory: ../5d-wave
2025-12-20 19:18:52,091 - INFO - Source validation completed successfully
2025-12-20 19:18:52,099 - INFO - Processing agents...
2025-12-20 19:18:52,104 - INFO - Found 26 agent files
2025-12-20 19:18:52,105 - INFO - Processing agent: acceptance-designer-reviewer
2025-12-20 19:18:52,105 - INFO - Processing agent: acceptance-designer-reviewer
2025-12-20 19:18:52,123 - ERROR - Failed to parse YAML configuration: mapping values are not allowed here
  in "<unicode string>", line 11, column 29:
          * Minimize token usage: Be concise, eliminate verbosit ... 
                                ^
2025-12-20 19:18:52,154 - INFO - Injecting embed content from: 5d-wave/data/embed/acceptance-designer/bdd-methodology.md
2025-12-20 19:18:52,175 - INFO - Injecting embed content from: 5d-wave/data/embed/acceptance-designer/critique-dimensions.md
2025-12-20 19:18:52,176 - INFO - Processed 2 embed injection(s)
2025-12-20 19:18:52,186 - INFO - Processing agent: acceptance-designer
2025-12-20 19:18:52,186 - INFO - Processing agent: acceptance-designer
2025-12-20 19:18:52,205 - ERROR - Failed to parse YAML configuration: mapping values are not allowed here
  in "<unicode string>", line 11, column 29:
          * Minimize token usage: Be concise, eliminate verbosit ... 
                                ^
2025-12-20 19:18:52,217 - INFO - Injecting embed content from: 5d-wave/data/embed/acceptance-designer/bdd-methodology.md
2025-12-20 19:18:52,225 - INFO - Injecting embed content from: 5d-wave/data/embed/acceptance-designer/critique-dimensions.md
2025-12-20 19:18:52,226 - INFO - Processed 2 embed injection(s)
2025-12-20 19:18:52,235 - INFO - Processing agent: agent-builder-reviewer
2025-12-20 19:18:52,235 - INFO - Processing agent: agent-builder-reviewer
2025-12-20 19:18:52,260 - ERROR - Failed to parse YAML configuration: mapping values are not allowed here
  in "<unicode string>", line 13, column 29:
          * Minimize token usage: Be concise, eliminate verbosit ... 
                                ^
2025-12-20 19:18:52,280 - INFO - Injecting embed content from: 5d-wave/data/embed/agent-builder/critique-dimensions.md
2025-12-20 19:18:52,280 - INFO - Processed 1 embed injection(s)
2025-12-20 19:18:52,287 - INFO - Processing agent: agent-builder
2025-12-20 19:18:52,287 - INFO - Processing agent: agent-builder
2025-12-20 19:18:52,314 - ERROR - Failed to parse YAML configuration: mapping values are not allowed here
  in "<unicode string>", line 13, column 29:
          * Minimize token usage: Be concise, eliminate verbosit ... 
                                ^
2025-12-20 19:18:52,322 - INFO - Injecting embed content from: 5d-wave/data/embed/agent-builder/critique-dimensions.md
2025-12-20 19:18:52,322 - INFO - Processed 1 embed injection(s)
2025-12-20 19:18:52,331 - INFO - Processing agent: avvocato
2025-12-20 19:18:52,332 - INFO - Processing agent: avvocato
2025-12-20 19:18:52,420 - INFO - Processing agent: cv-optimizer
2025-12-20 19:18:52,420 - INFO - Processing agent: cv-optimizer
2025-12-20 19:18:52,427 - ERROR - Failed to parse YAML configuration: mapping values are not allowed here
  in "<unicode string>", line 13, column 29:
          * Minimize token usage: Be concise, eliminate verbosit ... 
                                ^
2025-12-20 19:18:52,436 - INFO - Processing agent: data-engineer-reviewer
2025-12-20 19:18:52,437 - INFO - Processing agent: data-engineer-reviewer
2025-12-20 19:18:52,457 - ERROR - Failed to parse YAML configuration: mapping values are not allowed here
  in "<unicode string>", line 13, column 29:
          * Minimize token usage: Be concise, eliminate verbosit ... 
                                ^
2025-12-20 19:18:52,474 - INFO - Injecting embed content from: 5d-wave/data/embed/data-engineer/01-databases-fundamentals.md
2025-12-20 19:18:52,492 - INFO - Injecting embed content from: 5d-wave/data/embed/data-engineer/02-querying-design-security-governance.md
2025-12-20 19:18:52,526 - INFO - Injecting embed content from: 5d-wave/data/embed/data-engineer/03-nosql-querying.md
2025-12-20 19:18:52,546 - INFO - Injecting embed content from: 5d-wave/data/embed/data-engineer/04-comprehensive-overview.md
2025-12-20 19:18:52,570 - INFO - Injecting embed content from: 5d-wave/data/embed/data-engineer/critique-dimensions.md
2025-12-20 19:18:52,571 - INFO - Processed 5 embed injection(s)
2025-12-20 19:18:52,579 - INFO - Processing agent: data-engineer
2025-12-20 19:18:52,579 - INFO - Processing agent: data-engineer
2025-12-20 19:18:52,595 - ERROR - Failed to parse YAML configuration: mapping values are not allowed here
  in "<unicode string>", line 13, column 29:
          * Minimize token usage: Be concise, eliminate verbosit ... 
                                ^
2025-12-20 19:18:52,602 - INFO - Injecting embed content from: 5d-wave/data/embed/data-engineer/01-databases-fundamentals.md
2025-12-20 19:18:52,609 - INFO - Injecting embed content from: 5d-wave/data/embed/data-engineer/02-querying-design-security-governance.md
2025-12-20 19:18:52,618 - INFO - Injecting embed content from: 5d-wave/data/embed/data-engineer/03-nosql-querying.md
2025-12-20 19:18:52,624 - INFO - Injecting embed content from: 5d-wave/data/embed/data-engineer/04-comprehensive-overview.md
2025-12-20 19:18:52,628 - INFO - Injecting embed content from: 5d-wave/data/embed/data-engineer/critique-dimensions.md
2025-12-20 19:18:52,629 - INFO - Processed 5 embed injection(s)
2025-12-20 19:18:52,637 - INFO - Processing agent: devop-reviewer
2025-12-20 19:18:52,637 - INFO - Processing agent: devop-reviewer
2025-12-20 19:18:52,653 - ERROR - Failed to parse YAML configuration: mapping values are not allowed here
  in "<unicode string>", line 11, column 29:
          * Minimize token usage: Be concise, eliminate verbosit ... 
                                ^
2025-12-20 19:18:52,668 - INFO - Injecting embed content from: 5d-wave/data/embed/devop/README.md
2025-12-20 19:18:52,691 - INFO - Injecting embed content from: 5d-wave/data/embed/devop/feature-completion-deployment-readiness.md
2025-12-20 19:18:52,709 - INFO - Injecting embed content from: 5d-wave/data/embed/devop/critique-dimensions.md
2025-12-20 19:18:52,710 - INFO - Processed 3 embed injection(s)
2025-12-20 19:18:52,719 - INFO - Processing agent: devop
2025-12-20 19:18:52,720 - INFO - Processing agent: devop
2025-12-20 19:18:52,739 - ERROR - Failed to parse YAML configuration: mapping values are not allowed here
  in "<unicode string>", line 11, column 29:
          * Minimize token usage: Be concise, eliminate verbosit ... 
                                ^
2025-12-20 19:18:52,745 - INFO - Injecting embed content from: 5d-wave/data/embed/devop/README.md
2025-12-20 19:18:52,749 - INFO - Injecting embed content from: 5d-wave/data/embed/devop/feature-completion-deployment-readiness.md
2025-12-20 19:18:52,754 - INFO - Injecting embed content from: 5d-wave/data/embed/devop/critique-dimensions.md
2025-12-20 19:18:52,755 - INFO - Processed 3 embed injection(s)
2025-12-20 19:18:52,761 - INFO - Processing agent: illustrator-reviewer
2025-12-20 19:18:52,761 - INFO - Processing agent: illustrator-reviewer
2025-12-20 19:18:52,775 - WARNING - No YAML configuration block found in agent file
2025-12-20 19:18:52,793 - INFO - Injecting embed content from: 5d-wave/data/embed/illustrator/critique-dimensions.md
2025-12-20 19:18:52,794 - INFO - Processed 1 embed injection(s)
2025-12-20 19:18:52,801 - INFO - Processing agent: illustrator
2025-12-20 19:18:52,801 - INFO - Processing agent: illustrator
2025-12-20 19:18:52,819 - WARNING - No YAML configuration block found in agent file
2025-12-20 19:18:52,826 - INFO - Injecting embed content from: 5d-wave/data/embed/illustrator/critique-dimensions.md
2025-12-20 19:18:52,827 - INFO - Processed 1 embed injection(s)
2025-12-20 19:18:52,836 - INFO - Processing agent: product-owner-reviewer
2025-12-20 19:18:52,836 - INFO - Processing agent: product-owner-reviewer
2025-12-20 19:18:52,852 - ERROR - Failed to parse YAML configuration: mapping values are not allowed here
  in "<unicode string>", line 11, column 29:
          * Minimize token usage: Be concise, eliminate verbosit ... 
                                ^
2025-12-20 19:18:52,869 - INFO - Injecting embed content from: 5d-wave/data/embed/product-owner/bdd-methodology.md
2025-12-20 19:18:52,883 - INFO - Injecting embed content from: 5d-wave/data/embed/product-owner/critique-dimensions.md
2025-12-20 19:18:52,884 - INFO - Processed 2 embed injection(s)
2025-12-20 19:18:52,890 - INFO - Processing agent: product-owner
2025-12-20 19:18:52,891 - INFO - Processing agent: product-owner
2025-12-20 19:18:52,908 - ERROR - Failed to parse YAML configuration: mapping values are not allowed here
  in "<unicode string>", line 11, column 29:
          * Minimize token usage: Be concise, eliminate verbosit ... 
                                ^
2025-12-20 19:18:52,917 - INFO - Injecting embed content from: 5d-wave/data/embed/product-owner/bdd-methodology.md
2025-12-20 19:18:52,923 - INFO - Injecting embed content from: 5d-wave/data/embed/product-owner/critique-dimensions.md
2025-12-20 19:18:52,923 - INFO - Processed 2 embed injection(s)
2025-12-20 19:18:52,934 - INFO - Processing agent: researcher-reviewer
2025-12-20 19:18:52,935 - INFO - Processing agent: researcher-reviewer
2025-12-20 19:18:52,963 - ERROR - Failed to parse YAML configuration: while parsing a block mapping
  in "<unicode string>", line 2, column 3:
      id: researcher-reviewer
      ^
expected <block end>, but found '<scalar>'
  in "<unicode string>", line 3, column 49:
     ... ce-Driven Knowledge Researcher" (Review Specialist)
                                         ^
2025-12-20 19:18:52,978 - INFO - Injecting embed content from: 5d-wave/data/embed/researcher/critique-dimensions.md
2025-12-20 19:18:52,979 - INFO - Processed 1 embed injection(s)
2025-12-20 19:18:52,986 - INFO - Processing agent: researcher
2025-12-20 19:18:52,986 - INFO - Processing agent: researcher
2025-12-20 19:18:53,017 - ERROR - Failed to parse YAML configuration: while parsing a block collection
  in "<unicode string>", line 404, column 7:
          - "Write to directories outside  ... 
          ^
expected <block end>, but found '?'
  in "<unicode string>", line 409, column 7:
          document_creation_policy:
          ^
2025-12-20 19:18:53,027 - INFO - Injecting embed content from: 5d-wave/data/embed/researcher/critique-dimensions.md
2025-12-20 19:18:53,028 - INFO - Processed 1 embed injection(s)
2025-12-20 19:18:53,034 - INFO - Processing agent: skeleton-builder-reviewer
2025-12-20 19:18:53,034 - INFO - Processing agent: skeleton-builder-reviewer
2025-12-20 19:18:53,049 - ERROR - Failed to parse YAML configuration: mapping values are not allowed here
  in "<unicode string>", line 11, column 29:
          * Minimize token usage: Be concise, eliminate verbosit ... 
                                ^
2025-12-20 19:18:53,067 - INFO - Injecting embed content from: 5d-wave/data/embed/skeleton-builder/comprehensive-walking-skeleton-research.md
2025-12-20 19:18:53,081 - INFO - Injecting embed content from: 5d-wave/data/embed/skeleton-builder/critique-dimensions.md
2025-12-20 19:18:53,082 - INFO - Processed 2 embed injection(s)
2025-12-20 19:18:53,092 - INFO - Processing agent: skeleton-builder
2025-12-20 19:18:53,092 - INFO - Processing agent: skeleton-builder
2025-12-20 19:18:53,110 - ERROR - Failed to parse YAML configuration: mapping values are not allowed here
  in "<unicode string>", line 11, column 29:
          * Minimize token usage: Be concise, eliminate verbosit ... 
                                ^
2025-12-20 19:18:53,116 - INFO - Injecting embed content from: 5d-wave/data/embed/skeleton-builder/comprehensive-walking-skeleton-research.md
2025-12-20 19:18:53,122 - INFO - Injecting embed content from: 5d-wave/data/embed/skeleton-builder/critique-dimensions.md
2025-12-20 19:18:53,122 - INFO - Processed 2 embed injection(s)
2025-12-20 19:18:53,130 - INFO - Processing agent: software-crafter-reviewer
2025-12-20 19:18:53,130 - INFO - Processing agent: software-crafter-reviewer
2025-12-20 19:18:53,148 - ERROR - Failed to parse YAML configuration: mapping values are not allowed here
  in "<unicode string>", line 11, column 29:
          * Minimize token usage: Be concise, eliminate verbosit ... 
                                ^
2025-12-20 19:18:53,169 - INFO - Injecting embed content from: 5d-wave/data/embed/software-crafter/README.md
2025-12-20 19:18:53,187 - INFO - Injecting embed content from: 5d-wave/data/embed/software-crafter/mikado-method-progressive-refactoring.md
2025-12-20 19:18:53,216 - INFO - Injecting embed content from: 5d-wave/data/embed/software-crafter/outside-in-tdd-methodology.md
2025-12-20 19:18:53,239 - INFO - Injecting embed content from: 5d-wave/data/embed/software-crafter/property-based-mutation-testing.md
2025-12-20 19:18:53,286 - INFO - Injecting embed content from: 5d-wave/data/embed/software-crafter/refactoring-patterns-catalog.md
2025-12-20 19:18:53,307 - INFO - Injecting embed content from: 5d-wave/data/embed/software-crafter/critique-dimensions.md
2025-12-20 19:18:53,309 - INFO - Processed 6 embed injection(s)
2025-12-20 19:18:53,319 - INFO - Processing agent: software-crafter
2025-12-20 19:18:53,320 - INFO - Processing agent: software-crafter
2025-12-20 19:18:53,338 - ERROR - Failed to parse YAML configuration: mapping values are not allowed here
  in "<unicode string>", line 11, column 29:
          * Minimize token usage: Be concise, eliminate verbosit ... 
                                ^
2025-12-20 19:18:53,348 - INFO - Injecting embed content from: 5d-wave/data/embed/software-crafter/README.md
2025-12-20 19:18:53,355 - INFO - Injecting embed content from: 5d-wave/data/embed/software-crafter/mikado-method-progressive-refactoring.md
2025-12-20 19:18:53,361 - INFO - Injecting embed content from: 5d-wave/data/embed/software-crafter/outside-in-tdd-methodology.md
2025-12-20 19:18:53,367 - INFO - Injecting embed content from: 5d-wave/data/embed/software-crafter/property-based-mutation-testing.md
2025-12-20 19:18:53,374 - INFO - Injecting embed content from: 5d-wave/data/embed/software-crafter/refactoring-patterns-catalog.md
2025-12-20 19:18:53,380 - INFO - Injecting embed content from: 5d-wave/data/embed/software-crafter/critique-dimensions.md
2025-12-20 19:18:53,380 - INFO - Processed 6 embed injection(s)
2025-12-20 19:18:53,387 - INFO - Processing agent: solution-architect-reviewer
2025-12-20 19:18:53,387 - INFO - Processing agent: solution-architect-reviewer
2025-12-20 19:18:53,408 - ERROR - Failed to parse YAML configuration: mapping values are not allowed here
  in "<unicode string>", line 11, column 29:
          * Minimize token usage: Be concise, eliminate verbosit ... 
                                ^
2025-12-20 19:18:53,462 - INFO - Injecting embed content from: 5d-wave/data/embed/solution-architect/comprehensive-architecture-patterns-and-methodologies.md
2025-12-20 19:18:53,479 - INFO - Injecting embed content from: 5d-wave/data/embed/solution-architect/residuality-theory-methodology.md
2025-12-20 19:18:53,497 - INFO - Injecting embed content from: 5d-wave/data/embed/solution-architect/critique-dimensions.md
2025-12-20 19:18:53,497 - INFO - Processed 3 embed injection(s)
2025-12-20 19:18:53,503 - INFO - Processing agent: solution-architect
2025-12-20 19:18:53,503 - INFO - Processing agent: solution-architect
2025-12-20 19:18:53,521 - ERROR - Failed to parse YAML configuration: mapping values are not allowed here
  in "<unicode string>", line 11, column 29:
          * Minimize token usage: Be concise, eliminate verbosit ... 
                                ^
2025-12-20 19:18:53,528 - INFO - Injecting embed content from: 5d-wave/data/embed/solution-architect/comprehensive-architecture-patterns-and-methodologies.md
2025-12-20 19:18:53,535 - INFO - Injecting embed content from: 5d-wave/data/embed/solution-architect/residuality-theory-methodology.md
2025-12-20 19:18:53,543 - INFO - Injecting embed content from: 5d-wave/data/embed/solution-architect/critique-dimensions.md
2025-12-20 19:18:53,543 - INFO - Processed 3 embed injection(s)
2025-12-20 19:18:53,550 - INFO - Processing agent: troubleshooter-reviewer
2025-12-20 19:18:53,550 - INFO - Processing agent: troubleshooter-reviewer
2025-12-20 19:18:53,567 - ERROR - Failed to parse YAML configuration: mapping values are not allowed here
  in "<unicode string>", line 11, column 29:
          * Minimize token usage: Be concise, eliminate verbosit ... 
                                ^
2025-12-20 19:18:53,585 - INFO - Injecting embed content from: 5d-wave/data/embed/troubleshooter/comprehensive-rca-methodologies.md
2025-12-20 19:18:53,604 - INFO - Injecting embed content from: 5d-wave/data/embed/troubleshooter/critique-dimensions.md
2025-12-20 19:18:53,604 - INFO - Processed 2 embed injection(s)
2025-12-20 19:18:53,613 - INFO - Processing agent: troubleshooter
2025-12-20 19:18:53,613 - INFO - Processing agent: troubleshooter
2025-12-20 19:18:53,629 - ERROR - Failed to parse YAML configuration: mapping values are not allowed here
  in "<unicode string>", line 11, column 29:
          * Minimize token usage: Be concise, eliminate verbosit ... 
                                ^
2025-12-20 19:18:53,636 - INFO - Injecting embed content from: 5d-wave/data/embed/troubleshooter/comprehensive-rca-methodologies.md
2025-12-20 19:18:53,645 - INFO - Injecting embed content from: 5d-wave/data/embed/troubleshooter/critique-dimensions.md
2025-12-20 19:18:53,645 - INFO - Processed 2 embed injection(s)
2025-12-20 19:18:53,651 - INFO - Processing agent: visual-architect-reviewer
2025-12-20 19:18:53,651 - INFO - Processing agent: visual-architect-reviewer
2025-12-20 19:18:53,668 - ERROR - Failed to parse YAML configuration: mapping values are not allowed here
  in "<unicode string>", line 11, column 29:
          * Minimize token usage: Be concise, eliminate verbosit ... 
                                ^
2025-12-20 19:18:53,688 - INFO - Injecting embed content from: 5d-wave/data/embed/visual-architect/critique-dimensions.md
2025-12-20 19:18:53,689 - INFO - Processed 1 embed injection(s)
2025-12-20 19:18:53,696 - INFO - Processing agent: visual-architect
2025-12-20 19:18:53,696 - INFO - Processing agent: visual-architect
2025-12-20 19:18:53,716 - ERROR - Failed to parse YAML configuration: mapping values are not allowed here
  in "<unicode string>", line 11, column 29:
          * Minimize token usage: Be concise, eliminate verbosit ... 
                                ^
2025-12-20 19:18:53,726 - INFO - Injecting embed content from: 5d-wave/data/embed/visual-architect/critique-dimensions.md
2025-12-20 19:18:53,727 - INFO - Processed 1 embed injection(s)
2025-12-20 19:18:53,735 - INFO - Processing commands...
2025-12-20 19:18:53,742 - INFO - Found 20 task files
2025-12-20 19:18:53,742 - INFO - Processing command: baseline
2025-12-20 19:18:53,770 - INFO - Processing command: deliver
2025-12-20 19:18:53,796 - INFO - Processing command: design
2025-12-20 19:18:53,819 - INFO - Processing command: develop
2025-12-20 19:18:53,840 - INFO - Processing command: diagram
2025-12-20 19:18:53,860 - INFO - Processing command: discuss
2025-12-20 19:18:53,885 - INFO - Processing command: distill
2025-12-20 19:18:53,907 - INFO - Processing command: execute
2025-12-20 19:18:53,934 - INFO - Processing command: finalize
2025-12-20 19:18:53,958 - INFO - Processing command: forge
2025-12-20 19:18:53,982 - INFO - Processing command: git
2025-12-20 19:18:54,003 - INFO - Processing command: mikado
2025-12-20 19:18:54,028 - INFO - Processing command: refactor
2025-12-20 19:18:54,050 - INFO - Processing command: research
2025-12-20 19:18:54,073 - INFO - Processing command: review
2025-12-20 19:18:54,098 - INFO - Processing command: roadmap
2025-12-20 19:18:54,121 - INFO - Processing command: root-why
2025-12-20 19:18:54,143 - INFO - Processing command: skeleton
2025-12-20 19:18:54,174 - INFO - Processing command: split
2025-12-20 19:18:54,198 - INFO - Processing command: start
2025-12-20 19:18:54,223 - INFO - Processing teams...
2025-12-20 19:18:54,229 - INFO - Found 3 team files
2025-12-20 19:18:54,229 - INFO - Processing team: 5d-wave-brownfield-team
2025-12-20 19:18:54,290 - INFO - Processing team: 5d-wave-core-team
2025-12-20 19:18:54,337 - INFO - Processing team: 5d-wave-greenfield-team
2025-12-20 19:18:54,392 - INFO - Processing workflows...
2025-12-20 19:18:54,396 - INFO - Found 3 workflow files
2025-12-20 19:18:54,396 - INFO - Processing workflow: 5d-wave-complete
2025-12-20 19:18:54,429 - INFO - Processing workflow: atdd-focused
2025-12-20 19:18:54,471 - INFO - Processing workflow: visual-architecture
2025-12-20 19:18:54,520 - INFO - Generating IDE configuration...
2025-12-20 19:18:54,532 - INFO - Generated IDE config: ../dist/ide/agents/dw/config.json
2025-12-20 19:18:54,532 - INFO - Build completed in 2.45 seconds
